#
# There is insufficient memory for the Java Runtime Environment to continue.
# Native memory allocation (mmap) failed to map 98566144 bytes. Error detail: G1 virtual space
# Possible reasons:
#   The system is out of physical RAM or swap space
#   This process is running with CompressedOops enabled, and the Java Heap may be blocking the growth of the native heap
# Possible solutions:
#   Reduce memory load on the system
#   Increase physical memory or swap space
#   Check if swap backing store is full
#   Decrease Java heap size (-Xmx/-Xms)
#   Decrease number of Java threads
#   Decrease Java thread stack sizes (-Xss)
#   Set larger code cache with -XX:ReservedCodeCacheSize=
#   JVM is running with Unscaled Compressed Oops mode in which the Java heap is
#     placed in the first 4GB address space. The Java Heap base address is the
#     maximum limit for the native heap growth. Please use -XX:HeapBaseMinAddress
#     to set the Java Heap base and to place the Java Heap above 4GB virtual address.
# This output file may be truncated or incomplete.
#
#  Out of Memory Error (os_windows.cpp:3703), pid=30984, tid=31332
#
# JRE version:  (23.0+37) (build )
# Java VM: Java HotSpot(TM) 64-Bit Server VM (23+37-2369, mixed mode, sharing, tiered, compressed oops, compressed class ptrs, g1 gc, windows-amd64)
# No core dump will be written. Minidumps are not enabled by default on client versions of Windows
#

---------------  S U M M A R Y ------------

Command Line: -Dfile.encoding=UTF-8 --module-path=C:\Users\kg718\OneDrive\Dokumen\NetBeansProjects\Employee Management System Project\build\classes employee.management.system.project.Addemployee

Host: AMD Ryzen 5 7520U with Radeon Graphics         , 8 cores, 5G,  Windows 11 , 64 bit Build 22621 (10.0.22621.3958)
Time: Sun Nov 24 21:08:27 2024 India Standard Time elapsed time: 0.013637 seconds (0d 0h 0m 0s)

---------------  T H R E A D  ---------------

Current thread (0x0000027fff15a610):  JavaThread "Unknown thread" [_thread_in_vm, id=31332, stack(0x000000dae2800000,0x000000dae2900000) (1024K)]

Stack: [0x000000dae2800000,0x000000dae2900000]
Native frames: (J=compiled Java code, j=interpreted, Vv=VM code, C=native code)
V  [jvm.dll+0x6e08a9]  (no source info available)
V  [jvm.dll+0x87da63]  (no source info available)
V  [jvm.dll+0x87feee]  (no source info available)
V  [jvm.dll+0x8805c3]  (no source info available)
V  [jvm.dll+0x27aee6]  (no source info available)
V  [jvm.dll+0x6dd1b5]  (no source info available)
V  [jvm.dll+0x6d103a]  (no source info available)
V  [jvm.dll+0x35b3ea]  (no source info available)
V  [jvm.dll+0x3637f6]  (no source info available)
V  [jvm.dll+0x34fd5e]  (no source info available)
V  [jvm.dll+0x34fff8]  (no source info available)
V  [jvm.dll+0x3289cc]  (no source info available)
V  [jvm.dll+0x32966e]  (no source info available)
V  [jvm.dll+0x8442e5]  (no source info available)
V  [jvm.dll+0x3b9848]  (no source info available)
V  [jvm.dll+0x82d0dc]  (no source info available)
V  [jvm.dll+0x454d4e]  (no source info available)
V  [jvm.dll+0x456bd1]  (no source info available)
C  [jli.dll+0x52a3]  (no source info available)
C  [ucrtbase.dll+0x29333]  (no source info available)
C  [KERNEL32.DLL+0x1257d]  (no source info available)
C  [ntdll.dll+0x5af08]  (no source info available)

Lock stack of current Java thread (top to bottom):


---------------  P R O C E S S  ---------------

Threads class SMR info:
_java_thread_list=0x00007ffa44a13618, length=0, elements={
}

Java Threads: ( => current thread )
Total: 0

Other Threads:
  0x0000027fff8ff2f0 WorkerThread "GC Thread#0"                     [id=29568, stack(0x000000dae2900000,0x000000dae2a00000) (1024K)]
  0x0000027fff90fc70 ConcurrentGCThread "G1 Main Marker"            [id=29048, stack(0x000000dae2a00000,0x000000dae2b00000) (1024K)]
  0x0000027fff910930 WorkerThread "G1 Conc#0"                       [id=12644, stack(0x000000dae2b00000,0x000000dae2c00000) (1024K)]

[error occurred during error reporting (printing all threads), id 0xc0000005, EXCEPTION_ACCESS_VIOLATION (0xc0000005) at pc=0x00007ffa4415bfba]
VM state: not at safepoint (not fully initialized)

VM Mutex/Monitor currently owned by a thread:  ([mutex/lock_event])
[0x00007ffa44a93a10] Heap_lock - owner thread: 0x0000027fff15a610

Heap address: 0x00000000a2c00000, size: 1492 MB, Compressed Oops mode: 32-bit

CDS archive(s) mapped at: [0x0000000000000000-0x0000000000000000-0x0000000000000000), size 0, SharedBaseAddress: 0x0000000800000000, ArchiveRelocationMode: 1.
Narrow klass base: 0x0000000000000000, Narrow klass shift: 0, Narrow klass range: 0x0

GC Precious Log:
 CardTable entry size: 512
 Card Set container configuration: InlinePtr #cards 5 size 8 Array Of Cards #cards 10 size 36 Howl #buckets 4 coarsen threshold 1843 Howl Bitmap #cards 512 size 80 coarsen threshold 460 Card regions per heap region 1 cards per card region 2048

Heap:
 garbage-first heap   total reserved 1527808K, committed 0K, used 0K [0x00000000a2c00000, 0x0000000100000000)
  region size 1024K, 0 young (0K), 0 survivors (0K)

[error occurred during error reporting (printing heap information), id 0xc0000005, EXCEPTION_ACCESS_VIOLATION (0xc0000005) at pc=0x00007ffa4455c3b9]
GC Heap History (0 events):
No events

Dll operation events (1 events):
Event: 0.010 Loaded shared library C:\Program Files\Java\jdk-23\bin\java.dll

Deoptimization events (0 events):
No events

Classes loaded (0 events):
No events

Classes unloaded (0 events):
No events

Classes redefined (0 events):
No events

Internal exceptions (0 events):
No events

VM Operations (0 events):
No events

Memory protections (0 events):
No events

Nmethod flushes (0 events):
No events

Events (0 events):
No events


Dynamic libraries:
0x00007ff61ddf0000 - 0x00007ff61de00000 	C:\Program Files\Java\jdk-23\bin\java.exe
0x00007ffa95630000 - 0x00007ffa95847000 	C:\WINDOWS\SYSTEM32\ntdll.dll
0x00007ffa94230000 - 0x00007ffa942f4000 	C:\WINDOWS\System32\KERNEL32.DLL
0x00007ffa92b70000 - 0x00007ffa92f27000 	C:\WINDOWS\System32\KERNELBASE.dll
0x00007ffa93210000 - 0x00007ffa93321000 	C:\WINDOWS\System32\ucrtbase.dll
0x00007ffa8aa30000 - 0x00007ffa8aa47000 	C:\Program Files\Java\jdk-23\bin\jli.dll
0x00007ffa83000000 - 0x00007ffa8301b000 	C:\Program Files\Java\jdk-23\bin\VCRUNTIME140.dll
0x00007ffa93360000 - 0x00007ffa9350f000 	C:\WINDOWS\System32\USER32.dll
0x00007ffa93170000 - 0x00007ffa93196000 	C:\WINDOWS\System32\win32u.dll
0x00007ffa95200000 - 0x00007ffa95229000 	C:\WINDOWS\System32\GDI32.dll
0x00007ffa92f30000 - 0x00007ffa93048000 	C:\WINDOWS\System32\gdi32full.dll
0x00007ffa73af0000 - 0x00007ffa73d83000 	C:\WINDOWS\WinSxS\amd64_microsoft.windows.common-controls_6595b64144ccf1df_6.0.22621.3672_none_2713b9d173822955\COMCTL32.dll
0x00007ffa930d0000 - 0x00007ffa9316a000 	C:\WINDOWS\System32\msvcp_win.dll
0x00007ffa94820000 - 0x00007ffa948c7000 	C:\WINDOWS\System32\msvcrt.dll
0x00007ffa93760000 - 0x00007ffa93791000 	C:\WINDOWS\System32\IMM32.DLL
0x00007ffa8aa10000 - 0x00007ffa8aa1c000 	C:\Program Files\Java\jdk-23\bin\vcruntime140_1.dll
0x00007ffa50590000 - 0x00007ffa5061e000 	C:\Program Files\Java\jdk-23\bin\msvcp140.dll
0x00007ffa43e20000 - 0x00007ffa44b6f000 	C:\Program Files\Java\jdk-23\bin\server\jvm.dll
0x00007ffa93510000 - 0x00007ffa935c2000 	C:\WINDOWS\System32\ADVAPI32.dll
0x00007ffa95140000 - 0x00007ffa951e8000 	C:\WINDOWS\System32\sechost.dll
0x00007ffa93330000 - 0x00007ffa93358000 	C:\WINDOWS\System32\bcrypt.dll
0x00007ffa937a0000 - 0x00007ffa938b4000 	C:\WINDOWS\System32\RPCRT4.dll
0x00007ffa95420000 - 0x00007ffa95491000 	C:\WINDOWS\System32\WS2_32.dll
0x00007ffa883c0000 - 0x00007ffa883ca000 	C:\WINDOWS\SYSTEM32\VERSION.dll
0x00007ffa922b0000 - 0x00007ffa922fd000 	C:\WINDOWS\SYSTEM32\POWRPROF.dll
0x00007ffa8cbd0000 - 0x00007ffa8cc04000 	C:\WINDOWS\SYSTEM32\WINMM.dll
0x00007ffa92220000 - 0x00007ffa92233000 	C:\WINDOWS\SYSTEM32\UMPDC.dll
0x00007ffa91970000 - 0x00007ffa91988000 	C:\WINDOWS\SYSTEM32\kernel.appcore.dll
0x00007ffa83a90000 - 0x00007ffa83a9a000 	C:\Program Files\Java\jdk-23\bin\jimage.dll
0x00007ffa90300000 - 0x00007ffa90532000 	C:\WINDOWS\SYSTEM32\DBGHELP.DLL
0x00007ffa93e90000 - 0x00007ffa9421e000 	C:\WINDOWS\System32\combase.dll
0x00007ffa93b50000 - 0x00007ffa93c27000 	C:\WINDOWS\System32\OLEAUT32.dll
0x00007ffa6a250000 - 0x00007ffa6a282000 	C:\WINDOWS\SYSTEM32\dbgcore.DLL
0x00007ffa93050000 - 0x00007ffa930cb000 	C:\WINDOWS\System32\bcryptPrimitives.dll
0x00007ffa81e30000 - 0x00007ffa81e4e000 	C:\Program Files\Java\jdk-23\bin\java.dll
0x00007ffa93ce0000 - 0x00007ffa93e85000 	C:\WINDOWS\System32\ole32.dll
0x00007ffa948d0000 - 0x00007ffa95139000 	C:\WINDOWS\System32\SHELL32.dll

dbghelp: loaded successfully - version: 4.0.5 - missing functions: none
symbol engine: initialized successfully - sym options: 0x614 - pdb path: .;C:\Program Files\Java\jdk-23\bin;C:\WINDOWS\SYSTEM32;C:\WINDOWS\WinSxS\amd64_microsoft.windows.common-controls_6595b64144ccf1df_6.0.22621.3672_none_2713b9d173822955;C:\Program Files\Java\jdk-23\bin\server

VM Arguments:
jvm_args: -Dfile.encoding=UTF-8 --module-path=C:\Users\kg718\OneDrive\Dokumen\NetBeansProjects\Employee Management System Project\build\classes 
java_command: employee.management.system.project.Addemployee
java_class_path (initial): C:\Users\kg718\Downloads\mysql-connector-java-8.0.28.jar;C:\Users\kg718\OneDrive\Dokumen\NetBeansProjects\Employee Management System Project\build\classes
Launcher Type: SUN_STANDARD

[Global flags]
     intx CICompilerCount                          = 4                                         {product} {ergonomic}
     uint ConcGCThreads                            = 2                                         {product} {ergonomic}
     uint G1ConcRefinementThreads                  = 8                                         {product} {ergonomic}
   size_t G1HeapRegionSize                         = 1048576                                   {product} {ergonomic}
   size_t InitialHeapSize                          = 98566144                                  {product} {ergonomic}
   size_t MarkStackSize                            = 4194304                                   {product} {ergonomic}
   size_t MarkStackSizeMax                         = 536870912                                 {product} {ergonomic}
   size_t MaxHeapSize                              = 1564475392                                {product} {ergonomic}
   size_t MinHeapDeltaBytes                        = 1048576                                   {product} {ergonomic}
   size_t MinHeapSize                              = 8388608                                   {product} {ergonomic}
    uintx NonNMethodCodeHeapSize                   = 5832704                                {pd product} {ergonomic}
    uintx NonProfiledCodeHeapSize                  = 122945536                              {pd product} {ergonomic}
    uintx ProfiledCodeHeapSize                     = 122880000                              {pd product} {ergonomic}
    uintx ReservedCodeCacheSize                    = 251658240                              {pd product} {ergonomic}
     bool SegmentedCodeCache                       = true                                      {product} {ergonomic}
   size_t SoftMaxHeapSize                          = 1564475392                             {manageable} {ergonomic}
     bool UseCompressedOops                        = true                           {product lp64_product} {ergonomic}
     bool UseG1GC                                  = true                                      {product} {ergonomic}
     bool UseLargePagesIndividualAllocation        = false                                  {pd product} {ergonomic}

Logging:
Log output configuration:
 #0: stdout all=warning uptime,level,tags foldmultilines=false
 #1: stderr all=off uptime,level,tags foldmultilines=false

Environment Variables:
PATH=C:\Program Files\Common Files\Oracle\Java\javapath;C:\WINDOWS\system32;C:\WINDOWS;C:\WINDOWS\System32\Wbem;C:\WINDOWS\System32\WindowsPowerShell\v1.0\;C:\WINDOWS\System32\OpenSSH\;C:\Program Files\Java\jdk-23\bin;C:\Program Files\MySQL\MySQL Shell 8.0\bin\;C:\Users\kg718\AppData\Local\Microsoft\WindowsApps;C:\Users\kg718\AppData\Local\Programs\Microsoft VS Code\bin
USERNAME=kg718
OS=Windows_NT
PROCESSOR_IDENTIFIER=AMD64 Family 23 Model 160 Stepping 0, AuthenticAMD
TMP=C:\Users\kg718\AppData\Local\Temp
TEMP=C:\Users\kg718\AppData\Local\Temp




Periodic native trim disabled

---------------  S Y S T E M  ---------------

OS:
 Windows 11 , 64 bit Build 22621 (10.0.22621.3958)
OS uptime: 33 days 7:11 hours
Hyper-V role detected

CPU: total 8 (initial active 8) (8 cores per cpu, 2 threads per core) family 23 model 160 stepping 0 microcode 0x0, cx8, cmov, fxsr, ht, mmx, 3dnowpref, sse, sse2, sse3, ssse3, sse4a, sse4.1, sse4.2, popcnt, lzcnt, tsc, tscinvbit, avx, avx2, aes, clmul, bmi1, bmi2, adx, sha, fma, vzeroupper, clflush, clflushopt, hv, rdtscp, rdpid, f16c
Processor Information for processor 0
  Max Mhz: 2801, Current Mhz: 2246, Mhz Limit: 2801
Processor Information for processor 1
  Max Mhz: 2801, Current Mhz: 2801, Mhz Limit: 2801
Processor Information for processor 2
  Max Mhz: 2801, Current Mhz: 2801, Mhz Limit: 2801
Processor Information for processor 3
  Max Mhz: 2801, Current Mhz: 2246, Mhz Limit: 2801
Processor Information for processor 4
  Max Mhz: 2801, Current Mhz: 2246, Mhz Limit: 2801
Processor Information for processor 5
  Max Mhz: 2801, Current Mhz: 2801, Mhz Limit: 2801
Processor Information for processor 6
  Max Mhz: 2801, Current Mhz: 2246, Mhz Limit: 2801
Processor Information for processor 7
  Max Mhz: 2801, Current Mhz: 2246, Mhz Limit: 2801

Memory: 4k page, system-wide physical 5965M (339M free)
TotalPageFile size 24397M (AvailPageFile size 40M)
current process WorkingSet (physical memory assigned to process): 12M, peak: 12M
current process commit charge ("private bytes"): 60M, peak: 154M

vm_info: Java HotSpot(TM) 64-Bit Server VM (23+37-2369) for windows-amd64 JRE (23+37-2369), built on 2024-08-20T16:01:23Z with MS VC++ 17.6 (VS2022)

END.
