#
# There is insufficient memory for the Java Runtime Environment to continue.
# Native memory allocation (mmap) failed to map 65536 bytes. Error detail: Failed to commit metaspace.
# Possible reasons:
#   The system is out of physical RAM or swap space
#   This process is running with CompressedOops enabled, and the Java Heap may be blocking the growth of the native heap
# Possible solutions:
#   Reduce memory load on the system
#   Increase physical memory or swap space
#   Check if swap backing store is full
#   Decrease Java heap size (-Xmx/-Xms)
#   Decrease number of Java threads
#   Decrease Java thread stack sizes (-Xss)
#   Set larger code cache with -XX:ReservedCodeCacheSize=
#   JVM is running with Unscaled Compressed Oops mode in which the Java heap is
#     placed in the first 4GB address space. The Java Heap base address is the
#     maximum limit for the native heap growth. Please use -XX:HeapBaseMinAddress
#     to set the Java Heap base and to place the Java Heap above 4GB virtual address.
# This output file may be truncated or incomplete.
#
#  Out of Memory Error (virtualSpaceNode.cpp:113), pid=29104, tid=18092
#
# JRE version: Java(TM) SE Runtime Environment (23.0+37) (build 23+37-2369)
# Java VM: Java HotSpot(TM) 64-Bit Server VM (23+37-2369, mixed mode, sharing, tiered, compressed oops, compressed class ptrs, g1 gc, windows-amd64)
# No core dump will be written. Minidumps are not enabled by default on client versions of Windows
#

---------------  S U M M A R Y ------------

Command Line: -Dfile.encoding=UTF-8 --module-path=C:\Users\kg718\OneDrive\Dokumen\NetBeansProjects\Employee Management System Project\build\classes employee.management.system.project.Addemployee

Host: AMD Ryzen 5 7520U with Radeon Graphics         , 8 cores, 5G,  Windows 11 , 64 bit Build 22621 (10.0.22621.3958)
Time: Sun Nov 24 21:08:59 2024 India Standard Time elapsed time: 0.365021 seconds (0d 0h 0m 0s)

---------------  T H R E A D  ---------------

Current thread (0x0000021914a8cab0):  JavaThread "main"             [_thread_in_vm, id=18092, stack(0x000000c9d3100000,0x000000c9d3200000) (1024K)]

Stack: [0x000000c9d3100000,0x000000c9d3200000]
Native frames: (J=compiled Java code, j=interpreted, Vv=VM code, C=native code)
V  [jvm.dll+0x6e08a9]  (no source info available)
V  [jvm.dll+0x87da63]  (no source info available)
V  [jvm.dll+0x87feee]  (no source info available)
V  [jvm.dll+0x8805c3]  (no source info available)
V  [jvm.dll+0x27aee6]  (no source info available)
V  [jvm.dll+0x87966e]  (no source info available)
V  [jvm.dll+0x682025]  (no source info available)
V  [jvm.dll+0x68208a]  (no source info available)
V  [jvm.dll+0x6848ca]  (no source info available)
V  [jvm.dll+0x2219dc]  (no source info available)
V  [jvm.dll+0x682a3e]  (no source info available)
V  [jvm.dll+0x26509f]  (no source info available)
V  [jvm.dll+0x68cdd4]  (no source info available)
V  [jvm.dll+0x211fe1]  (no source info available)
V  [jvm.dll+0x21244a]  (no source info available)
V  [jvm.dll+0x212e71]  (no source info available)
V  [jvm.dll+0x20811e]  (no source info available)
V  [jvm.dll+0x5be6df]  (no source info available)
V  [jvm.dll+0x219b2b]  (no source info available)
V  [jvm.dll+0x7f30c0]  (no source info available)
V  [jvm.dll+0x7f4166]  (no source info available)
V  [jvm.dll+0x7f4774]  (no source info available)
V  [jvm.dll+0x7f43f8]  (no source info available)
V  [jvm.dll+0x2689cb]  (no source info available)
V  [jvm.dll+0x3d394a]  (no source info available)
C  0x0000021926a4eef6  (no source info available)

The last pc belongs to ldc (printed below).
Java frames: (J=compiled Java code, j=interpreted, Vv=VM code)
j  sun.java2d.loops.GraphicsPrimitiveMgr.<clinit>()V+22 java.desktop@23
v  ~StubRoutines::call_stub 0x0000021926a40fcd
j  sun.java2d.windows.GDIBlitLoops.register()V+137 java.desktop@23
j  sun.java2d.windows.GDIWindowSurfaceData.<clinit>()V+72 java.desktop@23
v  ~StubRoutines::call_stub 0x0000021926a40fcd
j  sun.awt.Win32GraphicsConfig.createSurfaceData(Lsun/awt/windows/WComponentPeer;I)Lsun/java2d/SurfaceData;+1 java.desktop@23
j  sun.java2d.ScreenUpdateManager.createScreenSurface(Lsun/awt/Win32GraphicsConfig;Lsun/awt/windows/WComponentPeer;IZ)Lsun/java2d/SurfaceData;+3 java.desktop@23
j  sun.java2d.d3d.D3DScreenUpdateManager.createScreenSurface(Lsun/awt/Win32GraphicsConfig;Lsun/awt/windows/WComponentPeer;IZ)Lsun/java2d/SurfaceData;+20 java.desktop@23
j  sun.awt.windows.WComponentPeer.createScreenSurface(Z)V+21 java.desktop@23
j  sun.awt.windows.WComponentPeer.<init>(Ljava/awt/Component;)V+79 java.desktop@23
j  sun.awt.windows.WCanvasPeer.<init>(Ljava/awt/Component;)V+2 java.desktop@23
j  sun.awt.windows.WPanelPeer.<init>(Ljava/awt/Component;)V+2 java.desktop@23
j  sun.awt.windows.WWindowPeer.<init>(Ljava/awt/Window;)V+2 java.desktop@23
j  sun.awt.windows.WFramePeer.<init>(Ljava/awt/Frame;)V+2 java.desktop@23
j  sun.awt.windows.WToolkit.createFrame(Ljava/awt/Frame;)Ljava/awt/peer/FramePeer;+5 java.desktop@23
j  java.awt.Frame.addNotify()V+20 java.desktop@23
j  java.awt.Window.show()V+8 java.desktop@23
j  java.awt.Component.show(Z)V+5 java.desktop@23
j  java.awt.Component.setVisible(Z)V+2 java.desktop@23
j  java.awt.Window.setVisible(Z)V+2 java.desktop@23
j  employee.management.system.project.Addemployee.<init>()V+243
j  employee.management.system.project.Addemployee.main([Ljava/lang/String;)V+4
v  ~StubRoutines::call_stub 0x0000021926a40fcd
Lock stack of current Java thread (top to bottom):
LockStack[0]: java.awt.Component$AWTTreeLock 
{0x00000000a878a1e8} - klass: 'java/awt/Component$AWTTreeLock'
 - ---- fields (total size 2 words):

ldc  18 ldc  [0x0000021926a4ee40, 0x0000021926a4f0e8]  680 bytes
[MachCode]
  0x0000021926a4ee40: 4883 ec08 | c5fa 1104 | 24eb 1f48 | 83ec 10c5 | fb11 0424 | eb14 4883 | ec10 4889 | 0424 48c7 
  0x0000021926a4ee60: 4424 0800 | 0000 00eb | 0150 410f | b65d 0148 | 8b4d e848 | 8b49 0848 | 8b49 0848 | 8b41 080f 
  0x0000021926a4ee80: b654 1804 | 83fa 6474 | 0e83 fa67 | 7409 83fa | 070f 85bd | 0000 00ba | 0000 0000 | e805 0000 
  0x0000021926a4eea0: 00e9 a800 | 0000 488d | 4424 084c | 896d c049 | 8bcf c5f8 | 7749 89af | b003 0000 | 4989 87a0 
  0x0000021926a4eec0: 0300 0048 | 83ec 2040 | f6c4 0f0f | 8419 0000 | 0048 83ec | 0848 b830 | 381f 44fa | 7f00 00ff 
  0x0000021926a4eee0: d048 83c4 | 08e9 0c00 | 0000 48b8 | 3038 1f44 | fa7f 0000 | ffd0 4883 | c420 49c7 | 87a0 0300 
  0x0000021926a4ef00: 0000 0000 | 0049 c787 | b003 0000 | 0000 0000 | 49c7 87a8 | 0300 0000 | 0000 00c5 | f877 4983 
  0x0000021926a4ef20: 7f08 000f | 8405 0000 | 00e9 921f | ffff 498b | 87f8 0300 | 0049 c787 | f803 0000 | 0000 0000 
  0x0000021926a4ef40: 4c8b 6dc0 | 4c8b 75c8 | 4e8d 74f5 | 00c3 50e9 | 7c01 0000 | 83fa 0475 | 14c5 fa10 | 44d9 4848 
  0x0000021926a4ef60: 83ec 08c5 | fa11 0424 | e963 0100 | 0083 fa03 | 750a 8b44 | d948 50e9 | 5401 0000 | ba12 0000 
  0x0000021926a4ef80: 00e8 0500 | 0000 e9a8 | 0000 0048 | 8d44 2408 | 4c89 6dc0 | 498b cfc5 | f877 4989 | afb0 0300 
  0x0000021926a4efa0: 0049 8987 | a003 0000 | 4883 ec20 | 40f6 c40f | 0f84 1900 | 0000 4883 | ec08 48b8 | c05d 1f44 
  0x0000021926a4efc0: fa7f 0000 | ffd0 4883 | c408 e90c | 0000 0048 | b8c0 5d1f | 44fa 7f00 | 00ff d048 | 83c4 2049 
  0x0000021926a4efe0: c787 a003 | 0000 0000 | 0000 49c7 | 87b0 0300 | 0000 0000 | 0049 c787 | a803 0000 | 0000 0000 
  0x0000021926a4f000: c5f8 7749 | 837f 0800 | 0f84 0500 | 0000 e9ad | 1eff ff49 | 8b87 f803 | 0000 49c7 | 87f8 0300 
  0x0000021926a4f020: 0000 0000 | 004c 8b6d | c04c 8b75 | c84e 8d74 | f500 c349 | 8b8f 0004 | 0000 49c7 | 8700 0400 
  0x0000021926a4f040: 0000 0000 | 008b d981 | e3ff ff00 | 00c1 e91c | 83e1 0f83 | f904 7509 | 8b04 1850 | e96f 0000 
  0x0000021926a4f060: 0083 f906 | 7513 c5fa | 1004 1848 | 83ec 08c5 | fa11 0424 | e957 0000 | 0083 f903 | 750a 0fbf 
  0x0000021926a4f080: 0418 50e9 | 4800 0000 | 83f9 0075 | 0a0f be04 | 1850 e939 | 0000 0083 | f902 750a | 0fb7 0418 
  0x0000021926a4f0a0: 50e9 2a00 | 0000 83f9 | 0175 0a0f | be04 1850 | e91b 0000 | 0048 b9e8 | 4a89 44fa | 7f00 0048 
  0x0000021926a4f0c0: 83e4 f048 | b860 4a45 | 44fa 7f00 | 00ff d0f4 | 410f b65d | 0249 83c5 | 0249 ba50 | 7eaa 44fa 
  0x0000021926a4f0e0: 7f00 0041 | ff24 da90 
[/MachCode]

---------------  P R O C E S S  ---------------

Threads class SMR info:
_java_thread_list=0x00000219339467a0, length=15, elements={
0x0000021914a8cab0, 0x0000021932f7eed0, 0x0000021932f7fcf0, 0x0000021932f83ed0,
0x0000021932f86cd0, 0x0000021932f87990, 0x0000021932f887a0, 0x0000021932f8cb60,
0x0000021932f95620, 0x00000219330544f0, 0x00000219331b25c0, 0x0000021933349ba0,
0x00000219333516d0, 0x0000021933357540, 0x0000021933959470
}

Java Threads: ( => current thread )
=>0x0000021914a8cab0 JavaThread "main"                              [_thread_in_vm, id=18092, stack(0x000000c9d3100000,0x000000c9d3200000) (1024K)]
  0x0000021932f7eed0 JavaThread "Reference Handler"          daemon [_thread_blocked, id=19260, stack(0x000000c9d3900000,0x000000c9d3a00000) (1024K)]
  0x0000021932f7fcf0 JavaThread "Finalizer"                  daemon [_thread_blocked, id=30788, stack(0x000000c9d3a00000,0x000000c9d3b00000) (1024K)]
  0x0000021932f83ed0 JavaThread "Signal Dispatcher"          daemon [_thread_blocked, id=30108, stack(0x000000c9d3b00000,0x000000c9d3c00000) (1024K)]
  0x0000021932f86cd0 JavaThread "Attach Listener"            daemon [_thread_blocked, id=30528, stack(0x000000c9d3c00000,0x000000c9d3d00000) (1024K)]
  0x0000021932f87990 JavaThread "Service Thread"             daemon [_thread_blocked, id=19672, stack(0x000000c9d3d00000,0x000000c9d3e00000) (1024K)]
  0x0000021932f887a0 JavaThread "Monitor Deflation Thread"   daemon [_thread_blocked, id=30924, stack(0x000000c9d3e00000,0x000000c9d3f00000) (1024K)]
  0x0000021932f8cb60 JavaThread "C2 CompilerThread0"         daemon [_thread_blocked, id=22720, stack(0x000000c9d3f00000,0x000000c9d4000000) (1024K)]
  0x0000021932f95620 JavaThread "C1 CompilerThread0"         daemon [_thread_blocked, id=10300, stack(0x000000c9d4000000,0x000000c9d4100000) (1024K)]
  0x00000219330544f0 JavaThread "Common-Cleaner"             daemon [_thread_blocked, id=13628, stack(0x000000c9d4100000,0x000000c9d4200000) (1024K)]
  0x00000219331b25c0 JavaThread "Notification Thread"        daemon [_thread_blocked, id=15680, stack(0x000000c9d4200000,0x000000c9d4300000) (1024K)]
  0x0000021933349ba0 JavaThread "Java2D Disposer"            daemon [_thread_blocked, id=3788, stack(0x000000c9d4300000,0x000000c9d4400000) (1024K)]
  0x00000219333516d0 JavaThread "AWT-Shutdown"                      [_thread_blocked, id=2540, stack(0x000000c9d4400000,0x000000c9d4500000) (1024K)]
  0x0000021933357540 JavaThread "AWT-Windows"                daemon [_thread_in_native, id=31652, stack(0x000000c9d4500000,0x000000c9d4600000) (1024K)]
  0x0000021933959470 JavaThread "AWT-EventQueue-0"                  [_thread_blocked, id=30760, stack(0x000000c9d4600000,0x000000c9d4700000) (1024K)]
Total: 15

Other Threads:
  0x0000021932f69480 VMThread "VM Thread"                           [id=16504, stack(0x000000c9d3800000,0x000000c9d3900000) (1024K)]
  0x0000021916dd12a0 WatcherThread "VM Periodic Task Thread"        [id=31156, stack(0x000000c9d3700000,0x000000c9d3800000) (1024K)]
  0x0000021916e23230 WorkerThread "GC Thread#0"                     [id=29152, stack(0x000000c9d3200000,0x000000c9d3300000) (1024K)]
  0x0000021916e32ba0 ConcurrentGCThread "G1 Main Marker"            [id=29168, stack(0x000000c9d3300000,0x000000c9d3400000) (1024K)]
  0x0000021916e33860 WorkerThread "G1 Conc#0"                       [id=19056, stack(0x000000c9d3400000,0x000000c9d3500000) (1024K)]
  0x0000021916e9e320 ConcurrentGCThread "G1 Refine#0"               [id=31352, stack(0x000000c9d3500000,0x000000c9d3600000) (1024K)]
  0x0000021932e260d0 ConcurrentGCThread "G1 Service"                [id=31204, stack(0x000000c9d3600000,0x000000c9d3700000) (1024K)]
Total: 7

Threads with active compile tasks:
Total: 0

VM state: not at safepoint (normal execution)

VM Mutex/Monitor currently owned by a thread:  ([mutex/lock_event])
[0x00007ffa44a91890] Metaspace_lock - owner thread: 0x0000021914a8cab0

Heap address: 0x00000000a2c00000, size: 1492 MB, Compressed Oops mode: 32-bit

CDS archive(s) mapped at: [0x0000021934000000-0x0000021934d70000-0x0000021934d70000), size 14090240, SharedBaseAddress: 0x0000021934000000, ArchiveRelocationMode: 1.
Compressed class space mapped at: 0x0000021935000000-0x0000021975000000, reserved size: 1073741824
Narrow klass base: 0x0000021934000000, Narrow klass shift: 0, Narrow klass range: 0x41000000

GC Precious Log:
 CardTable entry size: 512
 Card Set container configuration: InlinePtr #cards 5 size 8 Array Of Cards #cards 10 size 36 Howl #buckets 4 coarsen threshold 1843 Howl Bitmap #cards 512 size 80 coarsen threshold 460 Card regions per heap region 1 cards per card region 2048
 CPUs: 8 total, 8 available
 Memory: 5965M
 Large Page Support: Disabled
 NUMA Support: Disabled
 Compressed Oops: Enabled (32-bit)
 Heap Region Size: 1M
 Heap Min Capacity: 8M
 Heap Initial Capacity: 94M
 Heap Max Capacity: 1492M
 Pre-touch: Disabled
 Parallel Workers: 8
 Concurrent Workers: 2
 Concurrent Refinement Workers: 8
 Periodic GC: Disabled

Heap:
 garbage-first heap   total reserved 1527808K, committed 96256K, used 5120K [0x00000000a2c00000, 0x0000000100000000)
  region size 1024K, 6 young (6144K), 0 survivors (0K)
 Metaspace       used 5657K, committed 5824K, reserved 1114112K
  class space    used 659K, committed 768K, reserved 1048576K

Heap Regions: E=young(eden), S=young(survivor), O=old, HS=humongous(starts), HC=humongous(continues), CS=collection set, F=free, TAMS=top-at-mark-start, PB=parsable bottom
|   0|0x00000000a2c00000, 0x00000000a2c00000, 0x00000000a2d00000|  0%| F|  |TAMS 0x00000000a2c00000| PB 0x00000000a2c00000| Untracked |  0
|   1|0x00000000a2d00000, 0x00000000a2d00000, 0x00000000a2e00000|  0%| F|  |TAMS 0x00000000a2d00000| PB 0x00000000a2d00000| Untracked |  0
|   2|0x00000000a2e00000, 0x00000000a2e00000, 0x00000000a2f00000|  0%| F|  |TAMS 0x00000000a2e00000| PB 0x00000000a2e00000| Untracked |  0
|   3|0x00000000a2f00000, 0x00000000a2f00000, 0x00000000a3000000|  0%| F|  |TAMS 0x00000000a2f00000| PB 0x00000000a2f00000| Untracked |  0
|   4|0x00000000a3000000, 0x00000000a3000000, 0x00000000a3100000|  0%| F|  |TAMS 0x00000000a3000000| PB 0x00000000a3000000| Untracked |  0
|   5|0x00000000a3100000, 0x00000000a3100000, 0x00000000a3200000|  0%| F|  |TAMS 0x00000000a3100000| PB 0x00000000a3100000| Untracked |  0
|   6|0x00000000a3200000, 0x00000000a3200000, 0x00000000a3300000|  0%| F|  |TAMS 0x00000000a3200000| PB 0x00000000a3200000| Untracked |  0
|   7|0x00000000a3300000, 0x00000000a3300000, 0x00000000a3400000|  0%| F|  |TAMS 0x00000000a3300000| PB 0x00000000a3300000| Untracked |  0
|   8|0x00000000a3400000, 0x00000000a3400000, 0x00000000a3500000|  0%| F|  |TAMS 0x00000000a3400000| PB 0x00000000a3400000| Untracked |  0
|   9|0x00000000a3500000, 0x00000000a3500000, 0x00000000a3600000|  0%| F|  |TAMS 0x00000000a3500000| PB 0x00000000a3500000| Untracked |  0
|  10|0x00000000a3600000, 0x00000000a3600000, 0x00000000a3700000|  0%| F|  |TAMS 0x00000000a3600000| PB 0x00000000a3600000| Untracked |  0
|  11|0x00000000a3700000, 0x00000000a3700000, 0x00000000a3800000|  0%| F|  |TAMS 0x00000000a3700000| PB 0x00000000a3700000| Untracked |  0
|  12|0x00000000a3800000, 0x00000000a3800000, 0x00000000a3900000|  0%| F|  |TAMS 0x00000000a3800000| PB 0x00000000a3800000| Untracked |  0
|  13|0x00000000a3900000, 0x00000000a3900000, 0x00000000a3a00000|  0%| F|  |TAMS 0x00000000a3900000| PB 0x00000000a3900000| Untracked |  0
|  14|0x00000000a3a00000, 0x00000000a3a00000, 0x00000000a3b00000|  0%| F|  |TAMS 0x00000000a3a00000| PB 0x00000000a3a00000| Untracked |  0
|  15|0x00000000a3b00000, 0x00000000a3b00000, 0x00000000a3c00000|  0%| F|  |TAMS 0x00000000a3b00000| PB 0x00000000a3b00000| Untracked |  0
|  16|0x00000000a3c00000, 0x00000000a3c00000, 0x00000000a3d00000|  0%| F|  |TAMS 0x00000000a3c00000| PB 0x00000000a3c00000| Untracked |  0
|  17|0x00000000a3d00000, 0x00000000a3d00000, 0x00000000a3e00000|  0%| F|  |TAMS 0x00000000a3d00000| PB 0x00000000a3d00000| Untracked |  0
|  18|0x00000000a3e00000, 0x00000000a3e00000, 0x00000000a3f00000|  0%| F|  |TAMS 0x00000000a3e00000| PB 0x00000000a3e00000| Untracked |  0
|  19|0x00000000a3f00000, 0x00000000a3f00000, 0x00000000a4000000|  0%| F|  |TAMS 0x00000000a3f00000| PB 0x00000000a3f00000| Untracked |  0
|  20|0x00000000a4000000, 0x00000000a4000000, 0x00000000a4100000|  0%| F|  |TAMS 0x00000000a4000000| PB 0x00000000a4000000| Untracked |  0
|  21|0x00000000a4100000, 0x00000000a4100000, 0x00000000a4200000|  0%| F|  |TAMS 0x00000000a4100000| PB 0x00000000a4100000| Untracked |  0
|  22|0x00000000a4200000, 0x00000000a4200000, 0x00000000a4300000|  0%| F|  |TAMS 0x00000000a4200000| PB 0x00000000a4200000| Untracked |  0
|  23|0x00000000a4300000, 0x00000000a4300000, 0x00000000a4400000|  0%| F|  |TAMS 0x00000000a4300000| PB 0x00000000a4300000| Untracked |  0
|  24|0x00000000a4400000, 0x00000000a4400000, 0x00000000a4500000|  0%| F|  |TAMS 0x00000000a4400000| PB 0x00000000a4400000| Untracked |  0
|  25|0x00000000a4500000, 0x00000000a4500000, 0x00000000a4600000|  0%| F|  |TAMS 0x00000000a4500000| PB 0x00000000a4500000| Untracked |  0
|  26|0x00000000a4600000, 0x00000000a4600000, 0x00000000a4700000|  0%| F|  |TAMS 0x00000000a4600000| PB 0x00000000a4600000| Untracked |  0
|  27|0x00000000a4700000, 0x00000000a4700000, 0x00000000a4800000|  0%| F|  |TAMS 0x00000000a4700000| PB 0x00000000a4700000| Untracked |  0
|  28|0x00000000a4800000, 0x00000000a4800000, 0x00000000a4900000|  0%| F|  |TAMS 0x00000000a4800000| PB 0x00000000a4800000| Untracked |  0
|  29|0x00000000a4900000, 0x00000000a4900000, 0x00000000a4a00000|  0%| F|  |TAMS 0x00000000a4900000| PB 0x00000000a4900000| Untracked |  0
|  30|0x00000000a4a00000, 0x00000000a4a00000, 0x00000000a4b00000|  0%| F|  |TAMS 0x00000000a4a00000| PB 0x00000000a4a00000| Untracked |  0
|  31|0x00000000a4b00000, 0x00000000a4b00000, 0x00000000a4c00000|  0%| F|  |TAMS 0x00000000a4b00000| PB 0x00000000a4b00000| Untracked |  0
|  32|0x00000000a4c00000, 0x00000000a4c00000, 0x00000000a4d00000|  0%| F|  |TAMS 0x00000000a4c00000| PB 0x00000000a4c00000| Untracked |  0
|  33|0x00000000a4d00000, 0x00000000a4d00000, 0x00000000a4e00000|  0%| F|  |TAMS 0x00000000a4d00000| PB 0x00000000a4d00000| Untracked |  0
|  34|0x00000000a4e00000, 0x00000000a4e00000, 0x00000000a4f00000|  0%| F|  |TAMS 0x00000000a4e00000| PB 0x00000000a4e00000| Untracked |  0
|  35|0x00000000a4f00000, 0x00000000a4f00000, 0x00000000a5000000|  0%| F|  |TAMS 0x00000000a4f00000| PB 0x00000000a4f00000| Untracked |  0
|  36|0x00000000a5000000, 0x00000000a5000000, 0x00000000a5100000|  0%| F|  |TAMS 0x00000000a5000000| PB 0x00000000a5000000| Untracked |  0
|  37|0x00000000a5100000, 0x00000000a5100000, 0x00000000a5200000|  0%| F|  |TAMS 0x00000000a5100000| PB 0x00000000a5100000| Untracked |  0
|  38|0x00000000a5200000, 0x00000000a5200000, 0x00000000a5300000|  0%| F|  |TAMS 0x00000000a5200000| PB 0x00000000a5200000| Untracked |  0
|  39|0x00000000a5300000, 0x00000000a5300000, 0x00000000a5400000|  0%| F|  |TAMS 0x00000000a5300000| PB 0x00000000a5300000| Untracked |  0
|  40|0x00000000a5400000, 0x00000000a5400000, 0x00000000a5500000|  0%| F|  |TAMS 0x00000000a5400000| PB 0x00000000a5400000| Untracked |  0
|  41|0x00000000a5500000, 0x00000000a5500000, 0x00000000a5600000|  0%| F|  |TAMS 0x00000000a5500000| PB 0x00000000a5500000| Untracked |  0
|  42|0x00000000a5600000, 0x00000000a5600000, 0x00000000a5700000|  0%| F|  |TAMS 0x00000000a5600000| PB 0x00000000a5600000| Untracked |  0
|  43|0x00000000a5700000, 0x00000000a5700000, 0x00000000a5800000|  0%| F|  |TAMS 0x00000000a5700000| PB 0x00000000a5700000| Untracked |  0
|  44|0x00000000a5800000, 0x00000000a5800000, 0x00000000a5900000|  0%| F|  |TAMS 0x00000000a5800000| PB 0x00000000a5800000| Untracked |  0
|  45|0x00000000a5900000, 0x00000000a5900000, 0x00000000a5a00000|  0%| F|  |TAMS 0x00000000a5900000| PB 0x00000000a5900000| Untracked |  0
|  46|0x00000000a5a00000, 0x00000000a5a00000, 0x00000000a5b00000|  0%| F|  |TAMS 0x00000000a5a00000| PB 0x00000000a5a00000| Untracked |  0
|  47|0x00000000a5b00000, 0x00000000a5b00000, 0x00000000a5c00000|  0%| F|  |TAMS 0x00000000a5b00000| PB 0x00000000a5b00000| Untracked |  0
|  48|0x00000000a5c00000, 0x00000000a5c00000, 0x00000000a5d00000|  0%| F|  |TAMS 0x00000000a5c00000| PB 0x00000000a5c00000| Untracked |  0
|  49|0x00000000a5d00000, 0x00000000a5d00000, 0x00000000a5e00000|  0%| F|  |TAMS 0x00000000a5d00000| PB 0x00000000a5d00000| Untracked |  0
|  50|0x00000000a5e00000, 0x00000000a5e00000, 0x00000000a5f00000|  0%| F|  |TAMS 0x00000000a5e00000| PB 0x00000000a5e00000| Untracked |  0
|  51|0x00000000a5f00000, 0x00000000a5f00000, 0x00000000a6000000|  0%| F|  |TAMS 0x00000000a5f00000| PB 0x00000000a5f00000| Untracked |  0
|  52|0x00000000a6000000, 0x00000000a6000000, 0x00000000a6100000|  0%| F|  |TAMS 0x00000000a6000000| PB 0x00000000a6000000| Untracked |  0
|  53|0x00000000a6100000, 0x00000000a6100000, 0x00000000a6200000|  0%| F|  |TAMS 0x00000000a6100000| PB 0x00000000a6100000| Untracked |  0
|  54|0x00000000a6200000, 0x00000000a6200000, 0x00000000a6300000|  0%| F|  |TAMS 0x00000000a6200000| PB 0x00000000a6200000| Untracked |  0
|  55|0x00000000a6300000, 0x00000000a6300000, 0x00000000a6400000|  0%| F|  |TAMS 0x00000000a6300000| PB 0x00000000a6300000| Untracked |  0
|  56|0x00000000a6400000, 0x00000000a6400000, 0x00000000a6500000|  0%| F|  |TAMS 0x00000000a6400000| PB 0x00000000a6400000| Untracked |  0
|  57|0x00000000a6500000, 0x00000000a6500000, 0x00000000a6600000|  0%| F|  |TAMS 0x00000000a6500000| PB 0x00000000a6500000| Untracked |  0
|  58|0x00000000a6600000, 0x00000000a6600000, 0x00000000a6700000|  0%| F|  |TAMS 0x00000000a6600000| PB 0x00000000a6600000| Untracked |  0
|  59|0x00000000a6700000, 0x00000000a6700000, 0x00000000a6800000|  0%| F|  |TAMS 0x00000000a6700000| PB 0x00000000a6700000| Untracked |  0
|  60|0x00000000a6800000, 0x00000000a6800000, 0x00000000a6900000|  0%| F|  |TAMS 0x00000000a6800000| PB 0x00000000a6800000| Untracked |  0
|  61|0x00000000a6900000, 0x00000000a6900000, 0x00000000a6a00000|  0%| F|  |TAMS 0x00000000a6900000| PB 0x00000000a6900000| Untracked |  0
|  62|0x00000000a6a00000, 0x00000000a6a00000, 0x00000000a6b00000|  0%| F|  |TAMS 0x00000000a6a00000| PB 0x00000000a6a00000| Untracked |  0
|  63|0x00000000a6b00000, 0x00000000a6b00000, 0x00000000a6c00000|  0%| F|  |TAMS 0x00000000a6b00000| PB 0x00000000a6b00000| Untracked |  0
|  64|0x00000000a6c00000, 0x00000000a6c00000, 0x00000000a6d00000|  0%| F|  |TAMS 0x00000000a6c00000| PB 0x00000000a6c00000| Untracked |  0
|  65|0x00000000a6d00000, 0x00000000a6d00000, 0x00000000a6e00000|  0%| F|  |TAMS 0x00000000a6d00000| PB 0x00000000a6d00000| Untracked |  0
|  66|0x00000000a6e00000, 0x00000000a6e00000, 0x00000000a6f00000|  0%| F|  |TAMS 0x00000000a6e00000| PB 0x00000000a6e00000| Untracked |  0
|  67|0x00000000a6f00000, 0x00000000a6f00000, 0x00000000a7000000|  0%| F|  |TAMS 0x00000000a6f00000| PB 0x00000000a6f00000| Untracked |  0
|  68|0x00000000a7000000, 0x00000000a7000000, 0x00000000a7100000|  0%| F|  |TAMS 0x00000000a7000000| PB 0x00000000a7000000| Untracked |  0
|  69|0x00000000a7100000, 0x00000000a7100000, 0x00000000a7200000|  0%| F|  |TAMS 0x00000000a7100000| PB 0x00000000a7100000| Untracked |  0
|  70|0x00000000a7200000, 0x00000000a7200000, 0x00000000a7300000|  0%| F|  |TAMS 0x00000000a7200000| PB 0x00000000a7200000| Untracked |  0
|  71|0x00000000a7300000, 0x00000000a7300000, 0x00000000a7400000|  0%| F|  |TAMS 0x00000000a7300000| PB 0x00000000a7300000| Untracked |  0
|  72|0x00000000a7400000, 0x00000000a7400000, 0x00000000a7500000|  0%| F|  |TAMS 0x00000000a7400000| PB 0x00000000a7400000| Untracked |  0
|  73|0x00000000a7500000, 0x00000000a7500000, 0x00000000a7600000|  0%| F|  |TAMS 0x00000000a7500000| PB 0x00000000a7500000| Untracked |  0
|  74|0x00000000a7600000, 0x00000000a7600000, 0x00000000a7700000|  0%| F|  |TAMS 0x00000000a7600000| PB 0x00000000a7600000| Untracked |  0
|  75|0x00000000a7700000, 0x00000000a7700000, 0x00000000a7800000|  0%| F|  |TAMS 0x00000000a7700000| PB 0x00000000a7700000| Untracked |  0
|  76|0x00000000a7800000, 0x00000000a7800000, 0x00000000a7900000|  0%| F|  |TAMS 0x00000000a7800000| PB 0x00000000a7800000| Untracked |  0
|  77|0x00000000a7900000, 0x00000000a7900000, 0x00000000a7a00000|  0%| F|  |TAMS 0x00000000a7900000| PB 0x00000000a7900000| Untracked |  0
|  78|0x00000000a7a00000, 0x00000000a7a00000, 0x00000000a7b00000|  0%| F|  |TAMS 0x00000000a7a00000| PB 0x00000000a7a00000| Untracked |  0
|  79|0x00000000a7b00000, 0x00000000a7b00000, 0x00000000a7c00000|  0%| F|  |TAMS 0x00000000a7b00000| PB 0x00000000a7b00000| Untracked |  0
|  80|0x00000000a7c00000, 0x00000000a7c00000, 0x00000000a7d00000|  0%| F|  |TAMS 0x00000000a7c00000| PB 0x00000000a7c00000| Untracked |  0
|  81|0x00000000a7d00000, 0x00000000a7d00000, 0x00000000a7e00000|  0%| F|  |TAMS 0x00000000a7d00000| PB 0x00000000a7d00000| Untracked |  0
|  82|0x00000000a7e00000, 0x00000000a7e00000, 0x00000000a7f00000|  0%| F|  |TAMS 0x00000000a7e00000| PB 0x00000000a7e00000| Untracked |  0
|  83|0x00000000a7f00000, 0x00000000a7f00000, 0x00000000a8000000|  0%| F|  |TAMS 0x00000000a7f00000| PB 0x00000000a7f00000| Untracked |  0
|  84|0x00000000a8000000, 0x00000000a8000000, 0x00000000a8100000|  0%| F|  |TAMS 0x00000000a8000000| PB 0x00000000a8000000| Untracked |  0
|  85|0x00000000a8100000, 0x00000000a8100000, 0x00000000a8200000|  0%| F|  |TAMS 0x00000000a8100000| PB 0x00000000a8100000| Untracked |  0
|  86|0x00000000a8200000, 0x00000000a8200000, 0x00000000a8300000|  0%| F|  |TAMS 0x00000000a8200000| PB 0x00000000a8200000| Untracked |  0
|  87|0x00000000a8300000, 0x00000000a8300000, 0x00000000a8400000|  0%| F|  |TAMS 0x00000000a8300000| PB 0x00000000a8300000| Untracked |  0
|  88|0x00000000a8400000, 0x00000000a84f5cc8, 0x00000000a8500000| 96%| E|  |TAMS 0x00000000a8400000| PB 0x00000000a8400000| Complete |  0
|  89|0x00000000a8500000, 0x00000000a8600000, 0x00000000a8600000|100%| E|CS|TAMS 0x00000000a8500000| PB 0x00000000a8500000| Complete |  0
|  90|0x00000000a8600000, 0x00000000a8700000, 0x00000000a8700000|100%| E|CS|TAMS 0x00000000a8600000| PB 0x00000000a8600000| Complete |  0
|  91|0x00000000a8700000, 0x00000000a8800000, 0x00000000a8800000|100%| E|CS|TAMS 0x00000000a8700000| PB 0x00000000a8700000| Complete |  0
|  92|0x00000000a8800000, 0x00000000a8900000, 0x00000000a8900000|100%| E|CS|TAMS 0x00000000a8800000| PB 0x00000000a8800000| Complete |  0
|  93|0x00000000a8900000, 0x00000000a8a00000, 0x00000000a8a00000|100%| E|CS|TAMS 0x00000000a8900000| PB 0x00000000a8900000| Complete |  0

Card table byte_map: [0x000002192eb50000,0x000002192ee40000] _byte_map_base: 0x000002192e63a000

Marking Bits: (CMBitMap*) 0x0000021916e23940
 Bits: [0x000002192ee40000, 0x0000021930590000)

Polling page: 0x00000219165a0000

Metaspace:

Usage:
  Non-class:      4.88 MB used.
      Class:    659.68 KB used.
       Both:      5.52 MB used.

Virtual space:
  Non-class space:       64.00 MB reserved,       4.94 MB (  8%) committed,  1 nodes.
      Class space:        1.00 GB reserved,     768.00 KB ( <1%) committed,  1 nodes.
             Both:        1.06 GB reserved,       5.69 MB ( <1%) committed. 

Chunk freelists:
   Non-Class:  10.89 MB
       Class:  15.25 MB
        Both:  26.14 MB

MaxMetaspaceSize: unlimited
CompressedClassSpaceSize: 1.00 GB
Initial GC threshold: 21.00 MB
Current GC threshold: 21.00 MB
CDS: on
 - commit_granule_bytes: 65536.
 - commit_granule_words: 8192.
 - virtual_space_node_default_size: 8388608.
 - enlarge_chunks_in_place: 1.
 - use_allocation_guard: 0.


Internal statistics:

num_allocs_failed_limit: 0.
num_arena_births: 116.
num_arena_deaths: 0.
num_vsnodes_births: 2.
num_vsnodes_deaths: 0.
num_space_committed: 91.
num_space_uncommitted: 0.
num_chunks_returned_to_freelist: 0.
num_chunks_taken_from_freelist: 138.
num_chunk_merges: 0.
num_chunk_splits: 85.
num_chunks_enlarged: 35.
num_inconsistent_stats: 0.

CodeHeap 'non-profiled nmethods': size=120064Kb used=183Kb max_used=183Kb free=119880Kb
 bounds [0x0000021926fd0000, 0x0000021927240000, 0x000002192e510000]
CodeHeap 'profiled nmethods': size=120000Kb used=631Kb max_used=631Kb free=119368Kb
 bounds [0x000002191f510000, 0x000002191f780000, 0x0000021926a40000]
CodeHeap 'non-nmethods': size=5696Kb used=1431Kb max_used=1440Kb free=4264Kb
 bounds [0x0000021926a40000, 0x0000021926cb0000, 0x0000021926fd0000]
CodeCache: size=245760Kb, used=2245Kb, max_used=2254Kb, free=243512Kb
 total_blobs=1149, nmethods=617, adapters=438, full_count=0
Compilation: enabled, stopped_count=0, restarted_count=0

Compilation events (20 events):
Event: 0.349 Thread 0x0000021932f95620  607       1       java.lang.Integer::intValue (5 bytes)
Event: 0.349 Thread 0x0000021932f95620 nmethod 607 0x0000021926ffd208 code [0x0000021926ffd320, 0x0000021926ffd3e8]
Event: 0.349 Thread 0x0000021932f95620  608       3       java.awt.AWTKeyStroke::hashCode (36 bytes)
Event: 0.349 Thread 0x0000021932f95620 nmethod 608 0x000002191f5abe08 code [0x000002191f5abf20, 0x000002191f5ac098]
Event: 0.350 Thread 0x0000021932f95620  609       3       java.lang.StringConcatHelper::newArray (40 bytes)
Event: 0.350 Thread 0x0000021932f95620 nmethod 609 0x000002191f5ac108 code [0x000002191f5ac240, 0x000002191f5ac550]
Event: 0.350 Thread 0x0000021932f95620  610       3       java.lang.invoke.LambdaFormEditor$Transform::equals (32 bytes)
Event: 0.350 Thread 0x0000021932f95620 nmethod 610 0x000002191f5ac588 code [0x000002191f5ac6c0, 0x000002191f5ac880]
Event: 0.350 Thread 0x0000021932f95620  611       3       java.lang.Integer::valueOf (32 bytes)
Event: 0.351 Thread 0x0000021932f95620 nmethod 611 0x000002191f5ac908 code [0x000002191f5aca40, 0x000002191f5acd38]
Event: 0.351 Thread 0x0000021932f8cb60  612       4       java.lang.Object::<init> (1 bytes)
Event: 0.351 Thread 0x0000021932f8cb60 nmethod 612 0x0000021926ffd508 code [0x0000021926ffd600, 0x0000021926ffd6b8]
Event: 0.353 Thread 0x0000021932f95620  613       3       java.lang.Integer::hashCode (8 bytes)
Event: 0.353 Thread 0x0000021932f95620 nmethod 613 0x000002191f5acd88 code [0x000002191f5acea0, 0x000002191f5ad008]
Event: 0.353 Thread 0x0000021932f95620  614       3       java.lang.Integer::hashCode (2 bytes)
Event: 0.353 Thread 0x0000021932f95620 nmethod 614 0x000002191f5ad088 code [0x000002191f5ad1a0, 0x000002191f5ad290]
Event: 0.353 Thread 0x0000021932f95620  615       3       java.lang.CharacterData::of (136 bytes)
Event: 0.353 Thread 0x0000021932f95620 nmethod 615 0x000002191f5ad388 code [0x000002191f5ad540, 0x000002191f5ade58]
Event: 0.361 Thread 0x0000021932f8cb60  617       4       jdk.internal.org.objectweb.asm.ByteVector::putShort (52 bytes)
Event: 0.362 Thread 0x0000021932f8cb60 nmethod 617 0x0000021926ffdb08 code [0x0000021926ffdc20, 0x0000021926ffdd70]

GC Heap History (0 events):
No events

Dll operation events (7 events):
Event: 0.009 Loaded shared library C:\Program Files\Java\jdk-23\bin\java.dll
Event: 0.040 Loaded shared library C:\Program Files\Java\jdk-23\bin\jsvml.dll
Event: 0.072 Loaded shared library C:\Program Files\Java\jdk-23\bin\net.dll
Event: 0.074 Loaded shared library C:\Program Files\Java\jdk-23\bin\nio.dll
Event: 0.096 Loaded shared library C:\Program Files\Java\jdk-23\bin\zip.dll
Event: 0.107 Loaded shared library C:\Program Files\Java\jdk-23\bin\jimage.dll
Event: 0.123 Loaded shared library C:\Program Files\Java\jdk-23\bin\awt.dll

Deoptimization events (4 events):
Event: 0.293 Thread 0x0000021914a8cab0 Uncommon trap: trap_request=0xffffff45 fr.pc=0x0000021926fe177c relative=0x00000000000008dc
Event: 0.293 Thread 0x0000021914a8cab0 Uncommon trap: reason=unstable_if action=reinterpret pc=0x0000021926fe177c method=java.util.HashMap.putVal(ILjava/lang/Object;Ljava/lang/Object;ZZ)Ljava/lang/Object; @ 236 c2
Event: 0.293 Thread 0x0000021914a8cab0 DEOPT PACKING pc=0x0000021926fe177c sp=0x000000c9d31fe030
Event: 0.293 Thread 0x0000021914a8cab0 DEOPT UNPACKING pc=0x0000021926a94402 sp=0x000000c9d31fdfd8 mode 2

Classes loaded (20 events):
Event: 0.362 Loading class sun/java2d/loops/Blit
Event: 0.362 Loading class sun/java2d/loops/GraphicsPrimitive
Event: 0.362 Loading class sun/java2d/loops/GraphicsPrimitive done
Event: 0.362 Loading class sun/java2d/loops/Blit done
Event: 0.362 Loading class sun/java2d/windows/GDIBlitLoops done
Event: 0.362 Loading class sun/java2d/loops/GraphicsPrimitiveMgr$GeneralPrimitives
Event: 0.362 Loading class sun/java2d/loops/GraphicsPrimitiveMgr$GeneralPrimitives done
Event: 0.362 Loading class sun/java2d/loops/CompositeType
Event: 0.363 Loading class sun/java2d/loops/CompositeType done
Event: 0.363 Loading class sun/java2d/loops/GraphicsPrimitiveMgr
Event: 0.363 Loading class sun/java2d/loops/GraphicsPrimitiveMgr done
Event: 0.363 Loading class sun/java2d/SunGraphics2D
Event: 0.363 Loading class sun/awt/ConstrainableGraphics
Event: 0.363 Loading class sun/awt/ConstrainableGraphics done
Event: 0.363 Loading class sun/java2d/SunGraphics2D done
Event: 0.363 Loading class java/awt/AlphaComposite
Event: 0.363 Loading class java/awt/AlphaComposite done
Event: 0.363 Loading class java/awt/geom/Path2D
Event: 0.364 Loading class java/awt/geom/Path2D done
Event: 0.364 Loading class java/awt/geom/Path2D$Float

Classes unloaded (0 events):
No events

Classes redefined (0 events):
No events

Internal exceptions (12 events):
Event: 0.076 Thread 0x0000021914a8cab0 Exception <a 'sun/nio/fs/WindowsException'{0x00000000a884b6f0}> (0x00000000a884b6f0) 
thrown [s\open\src\hotspot\share\prims\jni.cpp, line 520]
Event: 0.078 Thread 0x0000021914a8cab0 Exception <a 'sun/nio/fs/WindowsException'{0x00000000a884e020}> (0x00000000a884e020) 
thrown [s\open\src\hotspot\share\prims\jni.cpp, line 520]
Event: 0.078 Thread 0x0000021914a8cab0 Exception <a 'sun/nio/fs/WindowsException'{0x00000000a884ec10}> (0x00000000a884ec10) 
thrown [s\open\src\hotspot\share\prims\jni.cpp, line 520]
Event: 0.113 Thread 0x0000021914a8cab0 Exception <a 'java/lang/ClassNotFoundException'{0x00000000a8790bc8}: sun/awt/resources/spi/awtProvider> (0x00000000a8790bc8) 
thrown [s\open\src\hotspot\share\classfile\systemDictionary.cpp, line 313]
Event: 0.134 Thread 0x0000021914a8cab0 Exception <a 'java/io/FileNotFoundException'{0x00000000a87e47a8}> (0x00000000a87e47a8) 
thrown [s\open\src\hotspot\share\prims\jni.cpp, line 520]
Event: 0.141 Thread 0x0000021914a8cab0 Exception <a 'java/io/FileNotFoundException'{0x00000000a8613270}> (0x00000000a8613270) 
thrown [s\open\src\hotspot\share\prims\jni.cpp, line 520]
Event: 0.295 Thread 0x0000021914a8cab0 Exception <a 'java/lang/NoSuchMethodError'{0x00000000a86ad8a8}: 'void java.lang.invoke.DirectMethodHandle$Holder.invokeSpecial(java.lang.Object, java.lang.Object, java.lang.Object)'> (0x00000000a86ad8a8) 
thrown [s\open\src\hotspot\share\interpreter\linkResolver.cpp, line 796]
Event: 0.305 Thread 0x0000021914a8cab0 Exception <a 'java/lang/NoSuchMethodError'{0x00000000a8582070}: 'java.lang.Object java.lang.invoke.DirectMethodHandle$Holder.invokeStatic(java.lang.Object, int, java.lang.Object)'> (0x00000000a8582070) 
thrown [s\open\src\hotspot\share\interpreter\linkResolver.cpp, line 796]
Event: 0.321 Thread 0x0000021914a8cab0 Exception <a 'java/lang/ClassNotFoundException'{0x00000000a8428fc0}: com/sun/swing/internal/plaf/metal/resources/spi/metalProvider> (0x00000000a8428fc0) 
thrown [s\open\src\hotspot\share\classfile\systemDictionary.cpp, line 313]
Event: 0.322 Thread 0x0000021914a8cab0 Exception <a 'java/lang/ClassNotFoundException'{0x00000000a842cf80}: com/sun/swing/internal/plaf/basic/resources/spi/basicProvider> (0x00000000a842cf80) 
thrown [s\open\src\hotspot\share\classfile\systemDictionary.cpp, line 313]
Event: 0.331 Thread 0x0000021914a8cab0 Exception <a 'java/lang/NoSuchMethodError'{0x00000000a844c898}: 'int java.lang.invoke.Invokers$Holder.invokeExact_MT(java.lang.Object, java.lang.Object)'> (0x00000000a844c898) 
thrown [s\open\src\hotspot\share\interpreter\linkResolver.cpp, line 796]
Event: 0.358 Thread 0x0000021933357540 Exception <a 'java/lang/NoSuchMethodError'{0x00000000a850f110}: 'void java.lang.invoke.DirectMethodHandle$Holder.invokeVirtual(java.lang.Object, java.lang.Object)'> (0x00000000a850f110) 
thrown [s\open\src\hotspot\share\interpreter\linkResolver.cpp, line 796]

VM Operations (6 events):
Event: 0.080 Executing VM operation: HandshakeAllThreads (Deoptimize)
Event: 0.080 Executing VM operation: HandshakeAllThreads (Deoptimize) done
Event: 0.150 Executing VM operation: HandshakeAllThreads (Deoptimize)
Event: 0.150 Executing VM operation: HandshakeAllThreads (Deoptimize) done
Event: 0.347 Executing VM operation: HandshakeAllThreads (Deoptimize)
Event: 0.347 Executing VM operation: HandshakeAllThreads (Deoptimize) done

Memory protections (0 events):
No events

Nmethod flushes (0 events):
No events

Events (15 events):
Event: 0.024 Thread 0x0000021914a8cab0 Thread added: 0x0000021914a8cab0
Event: 0.037 Thread 0x0000021914a8cab0 Thread added: 0x0000021932f7eed0
Event: 0.037 Thread 0x0000021914a8cab0 Thread added: 0x0000021932f7fcf0
Event: 0.038 Thread 0x0000021914a8cab0 Thread added: 0x0000021932f83ed0
Event: 0.038 Thread 0x0000021914a8cab0 Thread added: 0x0000021932f86cd0
Event: 0.038 Thread 0x0000021914a8cab0 Thread added: 0x0000021932f87990
Event: 0.038 Thread 0x0000021914a8cab0 Thread added: 0x0000021932f887a0
Event: 0.038 Thread 0x0000021914a8cab0 Thread added: 0x0000021932f8cb60
Event: 0.038 Thread 0x0000021914a8cab0 Thread added: 0x0000021932f95620
Event: 0.061 Thread 0x0000021914a8cab0 Thread added: 0x00000219330544f0
Event: 0.090 Thread 0x0000021914a8cab0 Thread added: 0x00000219331b25c0
Event: 0.190 Thread 0x0000021914a8cab0 Thread added: 0x0000021933349ba0
Event: 0.192 Thread 0x0000021914a8cab0 Thread added: 0x00000219333516d0
Event: 0.193 Thread 0x0000021914a8cab0 Thread added: 0x0000021933357540
Event: 0.358 Thread 0x0000021933357540 Thread added: 0x0000021933959470


Dynamic libraries:
0x00007ff61ddf0000 - 0x00007ff61de00000 	C:\Program Files\Java\jdk-23\bin\java.exe
0x00007ffa95630000 - 0x00007ffa95847000 	C:\WINDOWS\SYSTEM32\ntdll.dll
0x00007ffa94230000 - 0x00007ffa942f4000 	C:\WINDOWS\System32\KERNEL32.DLL
0x00007ffa92b70000 - 0x00007ffa92f27000 	C:\WINDOWS\System32\KERNELBASE.dll
0x00007ffa93210000 - 0x00007ffa93321000 	C:\WINDOWS\System32\ucrtbase.dll
0x00007ffa8aa30000 - 0x00007ffa8aa47000 	C:\Program Files\Java\jdk-23\bin\jli.dll
0x00007ffa83000000 - 0x00007ffa8301b000 	C:\Program Files\Java\jdk-23\bin\VCRUNTIME140.dll
0x00007ffa93360000 - 0x00007ffa9350f000 	C:\WINDOWS\System32\USER32.dll
0x00007ffa93170000 - 0x00007ffa93196000 	C:\WINDOWS\System32\win32u.dll
0x00007ffa95200000 - 0x00007ffa95229000 	C:\WINDOWS\System32\GDI32.dll
0x00007ffa73af0000 - 0x00007ffa73d83000 	C:\WINDOWS\WinSxS\amd64_microsoft.windows.common-controls_6595b64144ccf1df_6.0.22621.3672_none_2713b9d173822955\COMCTL32.dll
0x00007ffa92f30000 - 0x00007ffa93048000 	C:\WINDOWS\System32\gdi32full.dll
0x00007ffa94820000 - 0x00007ffa948c7000 	C:\WINDOWS\System32\msvcrt.dll
0x00007ffa930d0000 - 0x00007ffa9316a000 	C:\WINDOWS\System32\msvcp_win.dll
0x00007ffa93760000 - 0x00007ffa93791000 	C:\WINDOWS\System32\IMM32.DLL
0x00007ffa8aa10000 - 0x00007ffa8aa1c000 	C:\Program Files\Java\jdk-23\bin\vcruntime140_1.dll
0x00007ffa50590000 - 0x00007ffa5061e000 	C:\Program Files\Java\jdk-23\bin\msvcp140.dll
0x00007ffa43e20000 - 0x00007ffa44b6f000 	C:\Program Files\Java\jdk-23\bin\server\jvm.dll
0x00007ffa93510000 - 0x00007ffa935c2000 	C:\WINDOWS\System32\ADVAPI32.dll
0x00007ffa95140000 - 0x00007ffa951e8000 	C:\WINDOWS\System32\sechost.dll
0x00007ffa93330000 - 0x00007ffa93358000 	C:\WINDOWS\System32\bcrypt.dll
0x00007ffa937a0000 - 0x00007ffa938b4000 	C:\WINDOWS\System32\RPCRT4.dll
0x00007ffa95420000 - 0x00007ffa95491000 	C:\WINDOWS\System32\WS2_32.dll
0x00007ffa8cbd0000 - 0x00007ffa8cc04000 	C:\WINDOWS\SYSTEM32\WINMM.dll
0x00007ffa922b0000 - 0x00007ffa922fd000 	C:\WINDOWS\SYSTEM32\POWRPROF.dll
0x00007ffa883c0000 - 0x00007ffa883ca000 	C:\WINDOWS\SYSTEM32\VERSION.dll
0x00007ffa92220000 - 0x00007ffa92233000 	C:\WINDOWS\SYSTEM32\UMPDC.dll
0x00007ffa91970000 - 0x00007ffa91988000 	C:\WINDOWS\SYSTEM32\kernel.appcore.dll
0x00007ffa83a90000 - 0x00007ffa83a9a000 	C:\Program Files\Java\jdk-23\bin\jimage.dll
0x00007ffa90300000 - 0x00007ffa90532000 	C:\WINDOWS\SYSTEM32\DBGHELP.DLL
0x00007ffa93e90000 - 0x00007ffa9421e000 	C:\WINDOWS\System32\combase.dll
0x00007ffa93b50000 - 0x00007ffa93c27000 	C:\WINDOWS\System32\OLEAUT32.dll
0x00007ffa6a250000 - 0x00007ffa6a282000 	C:\WINDOWS\SYSTEM32\dbgcore.DLL
0x00007ffa93050000 - 0x00007ffa930cb000 	C:\WINDOWS\System32\bcryptPrimitives.dll
0x00007ffa81e30000 - 0x00007ffa81e4e000 	C:\Program Files\Java\jdk-23\bin\java.dll
0x00007ffa93ce0000 - 0x00007ffa93e85000 	C:\WINDOWS\System32\ole32.dll
0x00007ffa948d0000 - 0x00007ffa95139000 	C:\WINDOWS\System32\SHELL32.dll
0x00007ffa90860000 - 0x00007ffa9115f000 	C:\WINDOWS\SYSTEM32\windows.storage.dll
0x00007ffa90720000 - 0x00007ffa9085f000 	C:\WINDOWS\SYSTEM32\wintypes.dll
0x00007ffa954f0000 - 0x00007ffa955e9000 	C:\WINDOWS\System32\SHCORE.dll
0x00007ffa93a80000 - 0x00007ffa93ade000 	C:\WINDOWS\System32\shlwapi.dll
0x00007ffa92870000 - 0x00007ffa92897000 	C:\WINDOWS\SYSTEM32\profapi.dll
0x00007ffa507a0000 - 0x00007ffa50877000 	C:\Program Files\Java\jdk-23\bin\jsvml.dll
0x00007ffa81d40000 - 0x00007ffa81d50000 	C:\Program Files\Java\jdk-23\bin\net.dll
0x00007ffa91e00000 - 0x00007ffa91e69000 	C:\WINDOWS\system32\mswsock.dll
0x00007ffa81d20000 - 0x00007ffa81d36000 	C:\Program Files\Java\jdk-23\bin\nio.dll
0x00007ffa7ece0000 - 0x00007ffa7ecf7000 	C:\Program Files\Java\jdk-23\bin\zip.dll
0x00007ffa4e110000 - 0x00007ffa4e29e000 	C:\Program Files\Java\jdk-23\bin\awt.dll
0x00007ffa8c6c0000 - 0x00007ffa8c757000 	C:\WINDOWS\SYSTEM32\apphelp.dll
0x00007ffa8fce0000 - 0x00007ffa8fd0b000 	C:\WINDOWS\system32\DWMAPI.DLL
0x00007ffa8f870000 - 0x00007ffa8f921000 	C:\WINDOWS\system32\uxtheme.dll
0x00007ffa27880000 - 0x00007ffa27980000 	C:\WINDOWS\system32\opengl32.dll
0x00007ffa28e70000 - 0x00007ffa28e9d000 	C:\WINDOWS\SYSTEM32\GLU32.dll
0x00007ffa8fc80000 - 0x00007ffa8fcb7000 	C:\WINDOWS\SYSTEM32\dxcore.dll
0x00007ffa952c0000 - 0x00007ffa95420000 	C:\WINDOWS\System32\MSCTF.dll
0x00007ffa2cde0000 - 0x00007ffa2cf88000 	C:\WINDOWS\system32\d3d9.dll
0x00007ffa87690000 - 0x00007ffa8784b000 	C:\WINDOWS\System32\DriverStore\FileRepository\u0395554.inf_amd64_c7396ec22fefb548\B395243\aticfx64.dll
0x00007ffa1a590000 - 0x00007ffa1d453000 	C:\WINDOWS\System32\DriverStore\FileRepository\u0395554.inf_amd64_c7396ec22fefb548\B395243\amdxn64.dll
0x00007ffa94320000 - 0x00007ffa94794000 	C:\WINDOWS\System32\SETUPAPI.dll
0x00007ffa8fb80000 - 0x00007ffa8fc77000 	C:\WINDOWS\SYSTEM32\dxgi.dll
0x00007ffa83c40000 - 0x00007ffa83c75000 	C:\WINDOWS\SYSTEM32\amdihk64.dll
0x00007ffa89a80000 - 0x00007ffa89ac9000 	C:\WINDOWS\SYSTEM32\directxdatabasehelper.dll

dbghelp: loaded successfully - version: 4.0.5 - missing functions: none
symbol engine: initialized successfully - sym options: 0x614 - pdb path: .;C:\Program Files\Java\jdk-23\bin;C:\WINDOWS\SYSTEM32;C:\WINDOWS\WinSxS\amd64_microsoft.windows.common-controls_6595b64144ccf1df_6.0.22621.3672_none_2713b9d173822955;C:\Program Files\Java\jdk-23\bin\server;C:\WINDOWS\System32\DriverStore\FileRepository\u0395554.inf_amd64_c7396ec22fefb548\B395243

VM Arguments:
jvm_args: -Dfile.encoding=UTF-8 --module-path=C:\Users\kg718\OneDrive\Dokumen\NetBeansProjects\Employee Management System Project\build\classes 
java_command: employee.management.system.project.Addemployee
java_class_path (initial): C:\Users\kg718\Downloads\mysql-connector-java-8.0.28.jar;C:\Users\kg718\OneDrive\Dokumen\NetBeansProjects\Employee Management System Project\build\classes
Launcher Type: SUN_STANDARD

[Global flags]
     intx CICompilerCount                          = 4                                         {product} {ergonomic}
     uint ConcGCThreads                            = 2                                         {product} {ergonomic}
     uint G1ConcRefinementThreads                  = 8                                         {product} {ergonomic}
   size_t G1HeapRegionSize                         = 1048576                                   {product} {ergonomic}
   size_t InitialHeapSize                          = 98566144                                  {product} {ergonomic}
   size_t MarkStackSize                            = 4194304                                   {product} {ergonomic}
   size_t MarkStackSizeMax                         = 536870912                                 {product} {ergonomic}
   size_t MaxHeapSize                              = 1564475392                                {product} {ergonomic}
   size_t MaxNewSize                               = 938475520                                 {product} {ergonomic}
   size_t MinHeapDeltaBytes                        = 1048576                                   {product} {ergonomic}
   size_t MinHeapSize                              = 8388608                                   {product} {ergonomic}
    uintx NonNMethodCodeHeapSize                   = 5832704                                {pd product} {ergonomic}
    uintx NonProfiledCodeHeapSize                  = 122945536                              {pd product} {ergonomic}
    uintx ProfiledCodeHeapSize                     = 122880000                              {pd product} {ergonomic}
    uintx ReservedCodeCacheSize                    = 251658240                              {pd product} {ergonomic}
     bool SegmentedCodeCache                       = true                                      {product} {ergonomic}
   size_t SoftMaxHeapSize                          = 1564475392                             {manageable} {ergonomic}
     bool UseCompressedOops                        = true                           {product lp64_product} {ergonomic}
     bool UseG1GC                                  = true                                      {product} {ergonomic}
     bool UseLargePagesIndividualAllocation        = false                                  {pd product} {ergonomic}

Logging:
Log output configuration:
 #0: stdout all=warning uptime,level,tags foldmultilines=false
 #1: stderr all=off uptime,level,tags foldmultilines=false

Environment Variables:
PATH=C:\Program Files\Common Files\Oracle\Java\javapath;C:\WINDOWS\system32;C:\WINDOWS;C:\WINDOWS\System32\Wbem;C:\WINDOWS\System32\WindowsPowerShell\v1.0\;C:\WINDOWS\System32\OpenSSH\;C:\Program Files\Java\jdk-23\bin;C:\Program Files\MySQL\MySQL Shell 8.0\bin\;C:\Users\kg718\AppData\Local\Microsoft\WindowsApps;C:\Users\kg718\AppData\Local\Programs\Microsoft VS Code\bin
USERNAME=kg718
OS=Windows_NT
PROCESSOR_IDENTIFIER=AMD64 Family 23 Model 160 Stepping 0, AuthenticAMD
TMP=C:\Users\kg718\AppData\Local\Temp
TEMP=C:\Users\kg718\AppData\Local\Temp




Periodic native trim disabled

---------------  S Y S T E M  ---------------

OS:
 Windows 11 , 64 bit Build 22621 (10.0.22621.3958)
OS uptime: 33 days 7:12 hours
Hyper-V role detected

CPU: total 8 (initial active 8) (8 cores per cpu, 2 threads per core) family 23 model 160 stepping 0 microcode 0x0, cx8, cmov, fxsr, ht, mmx, 3dnowpref, sse, sse2, sse3, ssse3, sse4a, sse4.1, sse4.2, popcnt, lzcnt, tsc, tscinvbit, avx, avx2, aes, clmul, bmi1, bmi2, adx, sha, fma, vzeroupper, clflush, clflushopt, hv, rdtscp, rdpid, f16c
Processor Information for processor 0
  Max Mhz: 2801, Current Mhz: 2246, Mhz Limit: 2801
Processor Information for processor 1
  Max Mhz: 2801, Current Mhz: 2246, Mhz Limit: 2801
Processor Information for processor 2
  Max Mhz: 2801, Current Mhz: 2246, Mhz Limit: 2801
Processor Information for processor 3
  Max Mhz: 2801, Current Mhz: 2801, Mhz Limit: 2801
Processor Information for processor 4
  Max Mhz: 2801, Current Mhz: 2246, Mhz Limit: 2801
Processor Information for processor 5
  Max Mhz: 2801, Current Mhz: 2246, Mhz Limit: 2801
Processor Information for processor 6
  Max Mhz: 2801, Current Mhz: 2246, Mhz Limit: 2801
Processor Information for processor 7
  Max Mhz: 2801, Current Mhz: 2246, Mhz Limit: 2801

Memory: 4k page, system-wide physical 5965M (327M free)
TotalPageFile size 24397M (AvailPageFile size 3M)
current process WorkingSet (physical memory assigned to process): 61M, peak: 61M
current process commit charge ("private bytes"): 187M, peak: 187M

vm_info: Java HotSpot(TM) 64-Bit Server VM (23+37-2369) for windows-amd64 JRE (23+37-2369), built on 2024-08-20T16:01:23Z with MS VC++ 17.6 (VS2022)

END.
